Started by user anonymous
Building in workspace /var/lib/jenkins/jobs/Akkis/workspace
 > git rev-parse --is-inside-work-tree # timeout=10
Fetching changes from the remote Git repository
 > git config remote.origin.url https://github.com/muurahaisetagileo/akkis.git # timeout=10
Fetching upstream changes from https://github.com/muurahaisetagileo/akkis.git
 > git --version # timeout=10
using .gitcredentials to set credentials
 > git config --local credential.username jmseppala # timeout=10
 > git config --local credential.helper store --file=/tmp/git7267621773041176556.credentials # timeout=10
 > git -c core.askpass=true fetch --tags --progress https://github.com/muurahaisetagileo/akkis.git +refs/heads/*:refs/remotes/origin/*
 > git config --local --remove-section credential # timeout=10
 > git rev-parse refs/remotes/origin/master^{commit} # timeout=10
 > git rev-parse refs/remotes/origin/origin/master^{commit} # timeout=10
Checking out Revision 4df44362152762c678f1156a2d5e9e7de0a1d15e (refs/remotes/origin/master)
 > git config core.sparsecheckout # timeout=10
 > git checkout -f 4df44362152762c678f1156a2d5e9e7de0a1d15e
 > git rev-list 4df44362152762c678f1156a2d5e9e7de0a1d15e # timeout=10
Parsing POMs
[workspace] $ /usr/lib/jvm/java-8-oracle/bin/java -cp /var/lib/jenkins/plugins/maven-plugin/WEB-INF/lib/maven31-agent-1.5.jar:/var/lib/jenkins/tools/hudson.tasks.Maven_MavenInstallation/Maven_3/boot/plexus-classworlds-2.5.2.jar:/var/lib/jenkins/tools/hudson.tasks.Maven_MavenInstallation/Maven_3/conf/logging jenkins.maven3.agent.Maven31Main /var/lib/jenkins/tools/hudson.tasks.Maven_MavenInstallation/Maven_3 /var/cache/jenkins/war/WEB-INF/lib/remoting-2.52.jar /var/lib/jenkins/plugins/maven-plugin/WEB-INF/lib/maven31-interceptor-1.5.jar /var/lib/jenkins/plugins/maven-plugin/WEB-INF/lib/maven3-interceptor-commons-1.5.jar 48185
<===[JENKINS REMOTING CAPACITY]===>channel started
Executing Maven:  -B -f /var/lib/jenkins/jobs/Akkis/workspace/pom.xml install
[INFO] Scanning for projects...
[WARNING] 
[WARNING] Some problems were encountered while building the effective model for fi.agileo.akkis:Akkis.muurahaiset:war:0.0.1-SNAPSHOT
[WARNING] 'build.plugins.plugin.version' for org.apache.maven.plugins:maven-compiler-plugin is missing. @ line 109, column 12
[WARNING] 
[WARNING] It is highly recommended to fix these problems because they threaten the stability of your build.
[WARNING] 
[WARNING] For this reason, future Maven versions might no longer support building such malformed projects.
[WARNING] 
[INFO]                                                                         
[INFO] ------------------------------------------------------------------------
[INFO] Building Akkis muurahaiset 0.0.1-SNAPSHOT
[INFO] ------------------------------------------------------------------------
[INFO] 
[INFO] --- maven-resources-plugin:2.6:resources (default-resources) @ Akkis.muurahaiset ---
[WARNING] Using platform encoding (UTF-8 actually) to copy filtered resources, i.e. build is platform dependent!
[INFO] Copying 1 resource
[INFO] 
[INFO] --- maven-compiler-plugin:3.1:compile (default-compile) @ Akkis.muurahaiset ---
[INFO] Nothing to compile - all classes are up to date
[INFO] 
[INFO] --- maven-resources-plugin:2.6:testResources (default-testResources) @ Akkis.muurahaiset ---
[WARNING] Using platform encoding (UTF-8 actually) to copy filtered resources, i.e. build is platform dependent!
[INFO] skip non existing resourceDirectory /var/lib/jenkins/jobs/Akkis/workspace/src/test/resources
[INFO] 
[INFO] --- maven-compiler-plugin:3.1:testCompile (default-testCompile) @ Akkis.muurahaiset ---
[INFO] Changes detected - recompiling the module!
[WARNING] File encoding has not been set, using platform encoding UTF-8, i.e. build is platform dependent!
[INFO] Compiling 1 source file to /var/lib/jenkins/jobs/Akkis/workspace/target/test-classes
[INFO] 
[INFO] --- maven-surefire-plugin:2.12.4:test (default-test) @ Akkis.muurahaiset ---
[INFO] Surefire report directory: /var/lib/jenkins/jobs/Akkis/workspace/target/surefire-reports

-------------------------------------------------------
 T E S T S
-------------------------------------------------------
Running fi.agileo.akkis.test.Test
Tests run: 1, Failures: 1, Errors: 0, Skipped: 0, Time elapsed: 0.04 sec <<< FAILURE!
test(fi.agileo.akkis.test.Test)  Time elapsed: 0.006 sec  <<< FAILURE!
java.lang.AssertionError: Not yet implemented
	at org.junit.Assert.fail(Assert.java:88)
	at fi.agileo.akkis.test.Test.test(Test.java:9)
	at sun.reflect.NativeMethodAccessorImpl.invoke0(Native Method)
	at sun.reflect.NativeMethodAccessorImpl.invoke(NativeMethodAccessorImpl.java:62)
	at sun.reflect.DelegatingMethodAccessorImpl.invoke(DelegatingMethodAccessorImpl.java:43)
	at java.lang.reflect.Method.invoke(Method.java:497)
	at org.junit.runners.model.FrameworkMethod$1.runReflectiveCall(FrameworkMethod.java:50)
	at org.junit.internal.runners.model.ReflectiveCallable.run(ReflectiveCallable.java:12)
	at org.junit.runners.model.FrameworkMethod.invokeExplosively(FrameworkMethod.java:47)
	at org.junit.internal.runners.statements.InvokeMethod.evaluate(InvokeMethod.java:17)
	at org.junit.runners.ParentRunner.runLeaf(ParentRunner.java:325)
	at org.junit.runners.BlockJUnit4ClassRunner.runChild(BlockJUnit4ClassRunner.java:78)
	at org.junit.runners.BlockJUnit4ClassRunner.runChild(BlockJUnit4ClassRunner.java:57)
	at org.junit.runners.ParentRunner$3.run(ParentRunner.java:290)
	at org.junit.runners.ParentRunner$1.schedule(ParentRunner.java:71)
	at org.junit.runners.ParentRunner.runChildren(ParentRunner.java:288)
	at org.junit.runners.ParentRunner.access$000(ParentRunner.java:58)
	at org.junit.runners.ParentRunner$2.evaluate(ParentRunner.java:268)
	at org.junit.runners.ParentRunner.run(ParentRunner.java:363)
	at org.apache.maven.surefire.junit4.JUnit4Provider.execute(JUnit4Provider.java:252)
	at org.apache.maven.surefire.junit4.JUnit4Provider.executeTestSet(JUnit4Provider.java:141)
	at org.apache.maven.surefire.junit4.JUnit4Provider.invoke(JUnit4Provider.java:112)
	at sun.reflect.NativeMethodAccessorImpl.invoke0(Native Method)
	at sun.reflect.NativeMethodAccessorImpl.invoke(NativeMethodAccessorImpl.java:62)
	at sun.reflect.DelegatingMethodAccessorImpl.invoke(DelegatingMethodAccessorImpl.java:43)
	at java.lang.reflect.Method.invoke(Method.java:497)
	at org.apache.maven.surefire.util.ReflectionUtils.invokeMethodWithArray(ReflectionUtils.java:189)
	at org.apache.maven.surefire.booter.ProviderFactory$ProviderProxy.invoke(ProviderFactory.java:165)
	at org.apache.maven.surefire.booter.ProviderFactory.invokeProvider(ProviderFactory.java:85)
	at org.apache.maven.surefire.booter.ForkedBooter.runSuitesInProcess(ForkedBooter.java:115)
	at org.apache.maven.surefire.booter.ForkedBooter.main(ForkedBooter.java:75)


Results :

Failed tests:   test(fi.agileo.akkis.test.Test): Not yet implemented

Tests run: 1, Failures: 1, Errors: 0, Skipped: 0

[ERROR] There are test failures.

Please refer to /var/lib/jenkins/jobs/Akkis/workspace/target/surefire-reports for the individual test results.
[JENKINS] Recording test results
[INFO] 
[INFO] --- maven-war-plugin:2.4:war (default-war) @ Akkis.muurahaiset ---
[INFO] Packaging webapp
[INFO] Assembling webapp [Akkis.muurahaiset] in [/var/lib/jenkins/jobs/Akkis/workspace/target/Akkis.muurahaiset]
[INFO] Processing war project
[INFO] Copying webapp resources [/var/lib/jenkins/jobs/Akkis/workspace/src/main/webapp]
[INFO] Webapp assembled in [475 msecs]
[INFO] Building war: /var/lib/jenkins/jobs/Akkis/workspace/target/akkis.war
[INFO] 
[INFO] --- maven-install-plugin:2.4:install (default-install) @ Akkis.muurahaiset ---
[INFO] Installing /var/lib/jenkins/jobs/Akkis/workspace/target/akkis.war to /var/lib/jenkins/.m2/repository/fi/agileo/akkis/Akkis.muurahaiset/0.0.1-SNAPSHOT/Akkis.muurahaiset-0.0.1-SNAPSHOT.war
[INFO] Installing /var/lib/jenkins/jobs/Akkis/workspace/pom.xml to /var/lib/jenkins/.m2/repository/fi/agileo/akkis/Akkis.muurahaiset/0.0.1-SNAPSHOT/Akkis.muurahaiset-0.0.1-SNAPSHOT.pom
[INFO] ------------------------------------------------------------------------
[INFO] BUILD SUCCESS
[INFO] ------------------------------------------------------------------------
[INFO] Total time: 17.934 s
[INFO] Finished at: 2015-11-12T22:56:26+02:00
[INFO] Final Memory: 24M/164M
[INFO] ------------------------------------------------------------------------
[JENKINS] Archiving /var/lib/jenkins/jobs/Akkis/workspace/pom.xml to fi.agileo.akkis/Akkis.muurahaiset/0.0.1-SNAPSHOT/Akkis.muurahaiset-0.0.1-SNAPSHOT.pom
[JENKINS] Archiving /var/lib/jenkins/jobs/Akkis/workspace/target/akkis.war to fi.agileo.akkis/Akkis.muurahaiset/0.0.1-SNAPSHOT/Akkis.muurahaiset-0.0.1-SNAPSHOT.war
channel stopped
Finished: UNSTABLE